0 info it worked if it ends with ok
1 verbose cli [ '/usr/bin/node', '/usr/bin/npm', 'install', 'body--parser' ]
2 info using npm@1.4.28
3 info using node@v0.10.37
4 verbose node symlink /usr/bin/node
5 warn package.json YelpCamp@1.0.0 No description
6 warn package.json YelpCamp@1.0.0 No repository field.
7 warn package.json YelpCamp@1.0.0 No README data
8 verbose readDependencies using package.json deps
9 verbose cache add [ 'body--parser', null ]
10 verbose cache add name=undefined spec="body--parser" args=["body--parser",null]
11 verbose parsed url { protocol: null,
11 verbose parsed url   slashes: null,
11 verbose parsed url   auth: null,
11 verbose parsed url   host: null,
11 verbose parsed url   port: null,
11 verbose parsed url   hostname: null,
11 verbose parsed url   hash: null,
11 verbose parsed url   search: null,
11 verbose parsed url   query: null,
11 verbose parsed url   pathname: 'body--parser',
11 verbose parsed url   path: 'body--parser',
11 verbose parsed url   href: 'body--parser' }
12 silly lockFile 2f3a5dd9-body-parser body--parser
13 verbose lock body--parser /home/gareththomasnz/.npm/2f3a5dd9-body-parser.lock
14 silly lockFile 2f3a5dd9-body-parser body--parser
15 silly lockFile 2f3a5dd9-body-parser body--parser
16 verbose addNamed [ 'body--parser', '' ]
17 verbose addNamed [ null, '*' ]
18 silly lockFile 8e16aa3d-body-parser body--parser@
19 verbose lock body--parser@ /home/gareththomasnz/.npm/8e16aa3d-body-parser.lock
20 silly addNameRange { name: 'body--parser', range: '*', hasData: false }
21 verbose request where is /body--parser
22 verbose request registry https://registry.npmjs.org/
23 verbose request id cb0834fa122b6401
24 verbose url raw /body--parser
25 verbose url resolving [ 'https://registry.npmjs.org/', './body--parser' ]
26 verbose url resolved https://registry.npmjs.org/body--parser
27 verbose request where is https://registry.npmjs.org/body--parser
28 info trying registry request attempt 1 at 16:40:20
29 http GET https://registry.npmjs.org/body--parser
30 http 404 https://registry.npmjs.org/body--parser
31 silly registry.get cb [ 404,
31 silly registry.get   { 'content-type': 'application/json',
31 silly registry.get     'cache-control': 'max-age=0',
31 silly registry.get     'content-length': '2',
31 silly registry.get     'accept-ranges': 'bytes',
31 silly registry.get     date: 'Fri, 16 Sep 2016 04:40:17 GMT',
31 silly registry.get     via: '1.1 varnish',
31 silly registry.get     age: '0',
31 silly registry.get     connection: 'keep-alive',
31 silly registry.get     'x-served-by': 'cache-akl6421-AKL',
31 silly registry.get     'x-cache': 'MISS',
31 silly registry.get     'x-cache-hits': '0',
31 silly registry.get     'x-timer': 'S1474000816.983449,VS0,VE826',
31 silly registry.get     vary: 'Accept-Encoding' } ]
32 silly lockFile 8e16aa3d-body-parser body--parser@
33 silly lockFile 8e16aa3d-body-parser body--parser@
34 error 404 Not Found
34 error 404
34 error 404 'body--parser' is not in the npm registry.
34 error 404 You should bug the author to publish it
34 error 404 It was specified as a dependency of 'YelpCamp'
34 error 404
34 error 404 Note that you can also install from a
34 error 404 tarball, folder, or http url, or git url.
35 error System Linux 3.2.0-109-generic
36 error command "/usr/bin/node" "/usr/bin/npm" "install" "body--parser"
37 error cwd /var/www/WebDevBootcamp/YelpCamp
38 error node -v v0.10.37
39 error npm -v 1.4.28
40 error code E404
41 verbose exit [ 1, true ]
